[2019-05-09 17:28:46]Loaded [CpuBackend] backend
[2019-05-09 17:28:49]Number of threads used for NativeOps: 4
[2019-05-09 17:28:52]Number of threads used for BLAS: 4
[2019-05-09 17:28:52]Backend used: [CPU]; OS: [Windows 10]
[2019-05-09 17:28:52]Cores: [8]; Memory: [1.9GB];
[2019-05-09 17:28:52]Blas vendor: [OPENBLAS]
[2019-05-09 17:28:52]Starting ComputationGraph with WorkspaceModes set to [training: ENABLED; inference: ENABLED], cacheMode set to [NONE]
[2019-05-09 17:28:59]
==========================================================================================================================================================================================================================================================
VertexName (VertexType)                 nIn,nOut  TotalParams ParamsShape                             Vertex Inputs                 
==========================================================================================================================================================================================================================================================
input1 (InputVertex)                    -,-       -           -                                       -                             
pad1 (ZeroPaddingLayer)                 -,-       0           -                                       [input1]                      
conv1 (ConvolutionLayer)                3,64      9472        W:{64,3,7,7}, b:{1,64}                  [pad1]                        
bn1 (BatchNormalization)                64,64     256         gamma:{1,64}, beta:{1,64}, mean:{1,64}, var:{1,64}[conv1]                       
relu1 (ActivationLayer)                 -,-       0           -                                       [bn1]                         
pad2 (ZeroPaddingLayer)                 -,-       0           -                                       [relu1]                       
pool1 (SubsamplingLayer)                -,-       0           -                                       [pad2]                        
conv2 (ConvolutionLayer)                64,64     4160        W:{64,64,1,1}, b:{1,64}                 [pool1]                       
bn2 (BatchNormalization)                64,64     256         gamma:{1,64}, beta:{1,64}, mean:{1,64}, var:{1,64}[conv2]                       
relu2 (ActivationLayer)                 -,-       0           -                                       [bn2]                         
pad3 (ZeroPaddingLayer)                 -,-       0           -                                       [relu2]                       
conv3 (ConvolutionLayer)                64,192    110784      W:{192,64,3,3}, b:{1,192}               [pad3]                        
bn3 (BatchNormalization)                192,192   768         gamma:{1,192}, beta:{1,192}, mean:{1,192}, var:{1,192}[conv3]                       
relu3 (ActivationLayer)                 -,-       0           -                                       [bn3]                         
pad4 (ZeroPaddingLayer)                 -,-       0           -                                       [relu3]                       
pool2 (SubsamplingLayer)                -,-       0           -                                       [pad4]                        
inception_3a_3x3_conv1 (ConvolutionLayer)192,96    18528       W:{96,192,1,1}, b:{1,96}                [pool2]                       
inception_3a_1x1_conv (ConvolutionLayer)192,64    12352       W:{64,192,1,1}, b:{1,64}                [pool2]                       
inception_3a_5x5_conv1 (ConvolutionLayer)192,16    3088        W:{16,192,1,1}, b:{1,16}                [pool2]                       
pool3 (SubsamplingLayer)                -,-       0           -                                       [pool2]                       
inception_3a_3x3_bn1 (BatchNormalization)96,96     384         gamma:{1,96}, beta:{1,96}, mean:{1,96}, var:{1,96}[inception_3a_3x3_conv1]      
inception_3a_1x1_bn (BatchNormalization)64,64     256         gamma:{1,64}, beta:{1,64}, mean:{1,64}, var:{1,64}[inception_3a_1x1_conv]       
inception_3a_5x5_bn1 (BatchNormalization)16,16     64          gamma:{1,16}, beta:{1,16}, mean:{1,16}, var:{1,16}[inception_3a_5x5_conv1]      
inception_3a_pool_conv (ConvolutionLayer)192,32    6176        W:{32,192,1,1}, b:{1,32}                [pool3]                       
relu4 (ActivationLayer)                 -,-       0           -                                       [inception_3a_3x3_bn1]        
relu9 (ActivationLayer)                 -,-       0           -                                       [inception_3a_1x1_bn]         
relu6 (ActivationLayer)                 -,-       0           -                                       [inception_3a_5x5_bn1]        
inception_3a_pool_bn (BatchNormalization)32,32     128         gamma:{1,32}, beta:{1,32}, mean:{1,32}, var:{1,32}[inception_3a_pool_conv]      
padding1 (ZeroPaddingLayer)             -,-       0           -                                       [relu4]                       
padding2 (ZeroPaddingLayer)             -,-       0           -                                       [relu6]                       
relu8 (ActivationLayer)                 -,-       0           -                                       [inception_3a_pool_bn]        
inception_3a_3x3_conv2 (ConvolutionLayer)96,128    110720      W:{128,96,3,3}, b:{1,128}               [padding1]                    
inception_3a_5x5_conv2 (ConvolutionLayer)16,32     12832       W:{32,16,5,5}, b:{1,32}                 [padding2]                    
padding3 (ZeroPaddingLayer)             -,-       0           -                                       [relu8]                       
inception_3a_3x3_bn2 (BatchNormalization)128,128   512         gamma:{1,128}, beta:{1,128}, mean:{1,128}, var:{1,128}[inception_3a_3x3_conv2]      
inception_3a_5x5_bn2 (BatchNormalization)32,32     128         gamma:{1,32}, beta:{1,32}, mean:{1,32}, var:{1,32}[inception_3a_5x5_conv2]      
relu5 (ActivationLayer)                 -,-       0           -                                       [inception_3a_3x3_bn2]        
relu7 (ActivationLayer)                 -,-       0           -                                       [inception_3a_5x5_bn2]        
inception_3a (MergeVertex)              -,-       -           -                                       [relu5, relu7, padding3, relu9]
avg1 (SubsamplingLayer)                 -,-       0           -                                       [inception_3a]                
inception_3b_3x3_conv1 (ConvolutionLayer)256,96    24672       W:{96,256,1,1}, b:{1,96}                [inception_3a]                
inception_3b_1x1_conv (ConvolutionLayer)256,64    16448       W:{64,256,1,1}, b:{1,64}                [inception_3a]                
inception_3b_5x5_conv1 (ConvolutionLayer)256,32    8224        W:{32,256,1,1}, b:{1,32}                [inception_3a]                
inception_3b_pool_conv (ConvolutionLayer)256,64    16448       W:{64,256,1,1}, b:{1,64}                [avg1]                        
inception_3b_3x3_bn1 (BatchNormalization)96,96     384         gamma:{1,96}, beta:{1,96}, mean:{1,96}, var:{1,96}[inception_3b_3x3_conv1]      
inception_3b_1x1_bn (BatchNormalization)64,64     256         gamma:{1,64}, beta:{1,64}, mean:{1,64}, var:{1,64}[inception_3b_1x1_conv]       
inception_3b_5x5_bn1 (BatchNormalization)32,32     128         gamma:{1,32}, beta:{1,32}, mean:{1,32}, var:{1,32}[inception_3b_5x5_conv1]      
inception_3b_pool_bn (BatchNormalization)64,64     256         gamma:{1,64}, beta:{1,64}, mean:{1,64}, var:{1,64}[inception_3b_pool_conv]      
relu10 (ActivationLayer)                -,-       0           -                                       [inception_3b_3x3_bn1]        
relu15 (ActivationLayer)                -,-       0           -                                       [inception_3b_1x1_bn]         
relu12 (ActivationLayer)                -,-       0           -                                       [inception_3b_5x5_bn1]        
relu14 (ActivationLayer)                -,-       0           -                                       [inception_3b_pool_bn]        
padding4 (ZeroPaddingLayer)             -,-       0           -                                       [relu10]                      
padding5 (ZeroPaddingLayer)             -,-       0           -                                       [relu12]                      
padding6 (ZeroPaddingLayer)             -,-       0           -                                       [relu14]                      
inception_3b_3x3_conv2 (ConvolutionLayer)96,128    110720      W:{128,96,3,3}, b:{1,128}               [padding4]                    
inception_3b_5x5_conv2 (ConvolutionLayer)32,64     51264       W:{64,32,5,5}, b:{1,64}                 [padding5]                    
inception_3b_3x3_bn2 (BatchNormalization)128,128   512         gamma:{1,128}, beta:{1,128}, mean:{1,128}, var:{1,128}[inception_3b_3x3_conv2]      
inception_3b_5x5_bn2 (BatchNormalization)64,64     256         gamma:{1,64}, beta:{1,64}, mean:{1,64}, var:{1,64}[inception_3b_5x5_conv2]      
relu11 (ActivationLayer)                -,-       0           -                                       [inception_3b_3x3_bn2]        
relu13 (ActivationLayer)                -,-       0           -                                       [inception_3b_5x5_bn2]        
inception_3b (MergeVertex)              -,-       -           -                                       [relu11, relu13, padding6, relu15]
inception_3c_5x5_conv1 (ConvolutionLayer)320,32    10272       W:{32,320,1,1}, b:{1,32}                [inception_3b]                
pool7 (SubsamplingLayer)                -,-       0           -                                       [inception_3b]                
inception_3c_3x3_conv1 (ConvolutionLayer)320,128   41088       W:{128,320,1,1}, b:{1,128}              [inception_3b]                
inception_3c_5x5_bn1 (BatchNormalization)32,32     128         gamma:{1,32}, beta:{1,32}, mean:{1,32}, var:{1,32}[inception_3c_5x5_conv1]      
padding9 (ZeroPaddingLayer)             -,-       0           -                                       [pool7]                       
inception_3c_3x3_bn1 (BatchNormalization)128,128   512         gamma:{1,128}, beta:{1,128}, mean:{1,128}, var:{1,128}[inception_3c_3x3_conv1]      
relu18 (ActivationLayer)                -,-       0           -                                       [inception_3c_5x5_bn1]        
relu16 (ActivationLayer)                -,-       0           -                                       [inception_3c_3x3_bn1]        
padding8 (ZeroPaddingLayer)             -,-       0           -                                       [relu18]                      
padding7 (ZeroPaddingLayer)             -,-       0           -                                       [relu16]                      
inception_3c_5x5_conv2 (ConvolutionLayer)32,64     51264       W:{64,32,5,5}, b:{1,64}                 [padding8]                    
inception_3c_3x3_conv2 (ConvolutionLayer)128,256   295168      W:{256,128,3,3}, b:{1,256}              [padding7]                    
inception_3c_5x5_bn2 (BatchNormalization)64,64     256         gamma:{1,64}, beta:{1,64}, mean:{1,64}, var:{1,64}[inception_3c_5x5_conv2]      
inception_3c_3x3_bn2 (BatchNormalization)256,256   1024        gamma:{1,256}, beta:{1,256}, mean:{1,256}, var:{1,256}[inception_3c_3x3_conv2]      
relu19 (ActivationLayer)                -,-       0           -                                       [inception_3c_5x5_bn2]        
relu17 (ActivationLayer)                -,-       0           -                                       [inception_3c_3x3_bn2]        
inception_3c (MergeVertex)              -,-       -           -                                       [relu17, relu19, padding9]    
inception_4a_1x1_conv (ConvolutionLayer)640,256   164096      W:{256,640,1,1}, b:{1,256}              [inception_3c]                
inception_4a_5x5_conv1 (ConvolutionLayer)640,32    20512       W:{32,640,1,1}, b:{1,32}                [inception_3c]                
avg7 (SubsamplingLayer)                 -,-       0           -                                       [inception_3c]                
inception_4a_3x3_conv1 (ConvolutionLayer)640,96    61536       W:{96,640,1,1}, b:{1,96}                [inception_3c]                
inception_4a_1x1_bn (BatchNormalization)256,256   1024        gamma:{1,256}, beta:{1,256}, mean:{1,256}, var:{1,256}[inception_4a_1x1_conv]       
inception_4a_5x5_bn1 (BatchNormalization)32,32     128         gamma:{1,32}, beta:{1,32}, mean:{1,32}, var:{1,32}[inception_4a_5x5_conv1]      
inception_4a_pool_conv (ConvolutionLayer)640,128   82048       W:{128,640,1,1}, b:{1,128}              [avg7]                        
inception_4a_3x3_bn1 (BatchNormalization)96,96     384         gamma:{1,96}, beta:{1,96}, mean:{1,96}, var:{1,96}[inception_4a_3x3_conv1]      
relu25 (ActivationLayer)                -,-       0           -                                       [inception_4a_1x1_bn]         
relu22 (ActivationLayer)                -,-       0           -                                       [inception_4a_5x5_bn1]        
inception_4a_pool_bn (BatchNormalization)128,128   512         gamma:{1,128}, beta:{1,128}, mean:{1,128}, var:{1,128}[inception_4a_pool_conv]      
relu20 (ActivationLayer)                -,-       0           -                                       [inception_4a_3x3_bn1]        
padding11 (ZeroPaddingLayer)            -,-       0           -                                       [relu22]                      
relu24 (ActivationLayer)                -,-       0           -                                       [inception_4a_pool_bn]        
padding10 (ZeroPaddingLayer)            -,-       0           -                                       [relu20]                      
inception_4a_5x5_conv2 (ConvolutionLayer)32,64     51264       W:{64,32,5,5}, b:{1,64}                 [padding11]                   
padding12 (ZeroPaddingLayer)            -,-       0           -                                       [relu24]                      
inception_4a_3x3_conv2 (ConvolutionLayer)96,192    166080      W:{192,96,3,3}, b:{1,192}               [padding10]                   
inception_4a_5x5_bn2 (BatchNormalization)64,64     256         gamma:{1,64}, beta:{1,64}, mean:{1,64}, var:{1,64}[inception_4a_5x5_conv2]      
inception_4a_3x3_bn2 (BatchNormalization)192,192   768         gamma:{1,192}, beta:{1,192}, mean:{1,192}, var:{1,192}[inception_4a_3x3_conv2]      
relu23 (ActivationLayer)                -,-       0           -                                       [inception_4a_5x5_bn2]        
relu21 (ActivationLayer)                -,-       0           -                                       [inception_4a_3x3_bn2]        
inception_4a (MergeVertex)              -,-       -           -                                       [relu21, relu23, relu25, padding12]
pool8 (SubsamplingLayer)                -,-       0           -                                       [inception_4a]                
inception_4e_3x3_conv1 (ConvolutionLayer)640,160   102560      W:{160,640,1,1}, b:{1,160}              [inception_4a]                
inception_4e_5x5_conv1 (ConvolutionLayer)640,64    41024       W:{64,640,1,1}, b:{1,64}                [inception_4a]                
padding15 (ZeroPaddingLayer)            -,-       0           -                                       [pool8]                       
inception_4e_3x3_bn1 (BatchNormalization)160,160   640         gamma:{1,160}, beta:{1,160}, mean:{1,160}, var:{1,160}[inception_4e_3x3_conv1]      
inception_4e_5x5_bn1 (BatchNormalization)64,64     256         gamma:{1,64}, beta:{1,64}, mean:{1,64}, var:{1,64}[inception_4e_5x5_conv1]      
relu26 (ActivationLayer)                -,-       0           -                                       [inception_4e_3x3_bn1]        
relu28 (ActivationLayer)                -,-       0           -                                       [inception_4e_5x5_bn1]        
padding13 (ZeroPaddingLayer)            -,-       0           -                                       [relu26]                      
padding14 (ZeroPaddingLayer)            -,-       0           -                                       [relu28]                      
inception_4e_3x3_conv2 (ConvolutionLayer)160,256   368896      W:{256,160,3,3}, b:{1,256}              [padding13]                   
inception_4e_5x5_conv2 (ConvolutionLayer)64,128    204928      W:{128,64,5,5}, b:{1,128}               [padding14]                   
inception_4e_3x3_bn2 (BatchNormalization)256,256   1024        gamma:{1,256}, beta:{1,256}, mean:{1,256}, var:{1,256}[inception_4e_3x3_conv2]      
inception_4e_5x5_bn2 (BatchNormalization)128,128   512         gamma:{1,128}, beta:{1,128}, mean:{1,128}, var:{1,128}[inception_4e_5x5_conv2]      
relu27 (ActivationLayer)                -,-       0           -                                       [inception_4e_3x3_bn2]        
relu29 (ActivationLayer)                -,-       0           -                                       [inception_4e_5x5_bn2]        
inception_4e (MergeVertex)              -,-       -           -                                       [relu27, relu29, padding15]   
inception_5a_1x1_conv (ConvolutionLayer)1024,256  262400      W:{256,1024,1,1}, b:{1,256}             [inception_4e]                
inception_5a_3x3_conv1 (ConvolutionLayer)1024,96   98400       W:{96,1024,1,1}, b:{1,96}               [inception_4e]                
avg9 (SubsamplingLayer)                 -,-       0           -                                       [inception_4e]                
inception_5a_1x1_bn (BatchNormalization)256,256   1024        gamma:{1,256}, beta:{1,256}, mean:{1,256}, var:{1,256}[inception_5a_1x1_conv]       
inception_5a_3x3_bn1 (BatchNormalization)96,96     384         gamma:{1,96}, beta:{1,96}, mean:{1,96}, var:{1,96}[inception_5a_3x3_conv1]      
inception_5a_pool_conv (ConvolutionLayer)1024,96   98400       W:{96,1024,1,1}, b:{1,96}               [avg9]                        
relu33 (ActivationLayer)                -,-       0           -                                       [inception_5a_1x1_bn]         
relu30 (ActivationLayer)                -,-       0           -                                       [inception_5a_3x3_bn1]        
inception_5a_pool_bn (BatchNormalization)96,96     384         gamma:{1,96}, beta:{1,96}, mean:{1,96}, var:{1,96}[inception_5a_pool_conv]      
padding16 (ZeroPaddingLayer)            -,-       0           -                                       [relu30]                      
relu32 (ActivationLayer)                -,-       0           -                                       [inception_5a_pool_bn]        
inception_5a_3x3_conv2 (ConvolutionLayer)96,384    332160      W:{384,96,3,3}, b:{1,384}               [padding16]                   
padding17 (ZeroPaddingLayer)            -,-       0           -                                       [relu32]                      
inception_5a_3x3_bn2 (BatchNormalization)384,384   1536        gamma:{1,384}, beta:{1,384}, mean:{1,384}, var:{1,384}[inception_5a_3x3_conv2]      
relu31 (ActivationLayer)                -,-       0           -                                       [inception_5a_3x3_bn2]        
inception_5a (MergeVertex)              -,-       -           -                                       [relu31, padding17, relu33]   
inception_5b_1x1_conv (ConvolutionLayer)736,256   188672      W:{256,736,1,1}, b:{1,256}              [inception_5a]                
inception_5b_3x3_conv1 (ConvolutionLayer)736,96    70752       W:{96,736,1,1}, b:{1,96}                [inception_5a]                
max2 (SubsamplingLayer)                 -,-       0           -                                       [inception_5a]                
inception_5b_1x1_bn (BatchNormalization)256,256   1024        gamma:{1,256}, beta:{1,256}, mean:{1,256}, var:{1,256}[inception_5b_1x1_conv]       
inception_5b_3x3_bn1 (BatchNormalization)96,96     384         gamma:{1,96}, beta:{1,96}, mean:{1,96}, var:{1,96}[inception_5b_3x3_conv1]      
inception_5b_pool_conv (ConvolutionLayer)736,96    70752       W:{96,736,1,1}, b:{1,96}                [max2]                        
relu37 (ActivationLayer)                -,-       0           -                                       [inception_5b_1x1_bn]         
relu34 (ActivationLayer)                -,-       0           -                                       [inception_5b_3x3_bn1]        
inception_5b_pool_bn (BatchNormalization)96,96     384         gamma:{1,96}, beta:{1,96}, mean:{1,96}, var:{1,96}[inception_5b_pool_conv]      
padding18 (ZeroPaddingLayer)            -,-       0           -                                       [relu34]                      
relu36 (ActivationLayer)                -,-       0           -                                       [inception_5b_pool_bn]        
inception_5b_3x3_conv2 (ConvolutionLayer)96,384    332160      W:{384,96,3,3}, b:{1,384}               [padding18]                   
padding19 (ZeroPaddingLayer)            -,-       0           -                                       [relu36]                      
inception_5b_3x3_bn2 (BatchNormalization)384,384   1536        gamma:{1,384}, beta:{1,384}, mean:{1,384}, var:{1,384}[inception_5b_3x3_conv2]      
relu35 (ActivationLayer)                -,-       0           -                                       [inception_5b_3x3_bn2]        
inception_5b (MergeVertex)              -,-       -           -                                       [relu35, padding19, relu37]   
avgpool (SubsamplingLayer)              -,-       0           -                                       [inception_5b]                
dense (DenseLayer)                      736,128   94336       W:{736,128}, b:{1,128}                  [avgpool]                     
encodings (L2NormalizeVertex)           -,-       -           -                                       [dense]                       
----------------------------------------------------------------------------------------------------------------------------------------------------------------------------------------------------------------------------------------------------------
            Total Parameters:  3743280
        Trainable Parameters:  3743280
           Frozen Parameters:  0
==========================================================================================================================================================================================================================================================

[2019-05-09 17:30:05]Loaded [CpuBackend] backend
[2019-05-09 17:30:05]Number of threads used for NativeOps: 4
[2019-05-09 17:30:05]Number of threads used for BLAS: 4
[2019-05-09 17:30:05]Backend used: [CPU]; OS: [Windows 10]
[2019-05-09 17:30:05]Cores: [8]; Memory: [1.9GB];
[2019-05-09 17:30:05]Blas vendor: [OPENBLAS]
[2019-05-09 17:30:05]Starting ComputationGraph with WorkspaceModes set to [training: ENABLED; inference: ENABLED], cacheMode set to [NONE]
[2019-05-09 17:30:13]
==========================================================================================================================================================================================================================================================
VertexName (VertexType)                 nIn,nOut  TotalParams ParamsShape                             Vertex Inputs                 
==========================================================================================================================================================================================================================================================
input1 (InputVertex)                    -,-       -           -                                       -                             
pad1 (ZeroPaddingLayer)                 -,-       0           -                                       [input1]                      
conv1 (ConvolutionLayer)                3,64      9472        W:{64,3,7,7}, b:{1,64}                  [pad1]                        
bn1 (BatchNormalization)                64,64     256         gamma:{1,64}, beta:{1,64}, mean:{1,64}, var:{1,64}[conv1]                       
relu1 (ActivationLayer)                 -,-       0           -                                       [bn1]                         
pad2 (ZeroPaddingLayer)                 -,-       0           -                                       [relu1]                       
pool1 (SubsamplingLayer)                -,-       0           -                                       [pad2]                        
conv2 (ConvolutionLayer)                64,64     4160        W:{64,64,1,1}, b:{1,64}                 [pool1]                       
bn2 (BatchNormalization)                64,64     256         gamma:{1,64}, beta:{1,64}, mean:{1,64}, var:{1,64}[conv2]                       
relu2 (ActivationLayer)                 -,-       0           -                                       [bn2]                         
pad3 (ZeroPaddingLayer)                 -,-       0           -                                       [relu2]                       
conv3 (ConvolutionLayer)                64,192    110784      W:{192,64,3,3}, b:{1,192}               [pad3]                        
bn3 (BatchNormalization)                192,192   768         gamma:{1,192}, beta:{1,192}, mean:{1,192}, var:{1,192}[conv3]                       
relu3 (ActivationLayer)                 -,-       0           -                                       [bn3]                         
pad4 (ZeroPaddingLayer)                 -,-       0           -                                       [relu3]                       
pool2 (SubsamplingLayer)                -,-       0           -                                       [pad4]                        
inception_3a_3x3_conv1 (ConvolutionLayer)192,96    18528       W:{96,192,1,1}, b:{1,96}                [pool2]                       
inception_3a_1x1_conv (ConvolutionLayer)192,64    12352       W:{64,192,1,1}, b:{1,64}                [pool2]                       
inception_3a_5x5_conv1 (ConvolutionLayer)192,16    3088        W:{16,192,1,1}, b:{1,16}                [pool2]                       
pool3 (SubsamplingLayer)                -,-       0           -                                       [pool2]                       
inception_3a_3x3_bn1 (BatchNormalization)96,96     384         gamma:{1,96}, beta:{1,96}, mean:{1,96}, var:{1,96}[inception_3a_3x3_conv1]      
inception_3a_1x1_bn (BatchNormalization)64,64     256         gamma:{1,64}, beta:{1,64}, mean:{1,64}, var:{1,64}[inception_3a_1x1_conv]       
inception_3a_5x5_bn1 (BatchNormalization)16,16     64          gamma:{1,16}, beta:{1,16}, mean:{1,16}, var:{1,16}[inception_3a_5x5_conv1]      
inception_3a_pool_conv (ConvolutionLayer)192,32    6176        W:{32,192,1,1}, b:{1,32}                [pool3]                       
relu4 (ActivationLayer)                 -,-       0           -                                       [inception_3a_3x3_bn1]        
relu9 (ActivationLayer)                 -,-       0           -                                       [inception_3a_1x1_bn]         
relu6 (ActivationLayer)                 -,-       0           -                                       [inception_3a_5x5_bn1]        
inception_3a_pool_bn (BatchNormalization)32,32     128         gamma:{1,32}, beta:{1,32}, mean:{1,32}, var:{1,32}[inception_3a_pool_conv]      
padding1 (ZeroPaddingLayer)             -,-       0           -                                       [relu4]                       
padding2 (ZeroPaddingLayer)             -,-       0           -                                       [relu6]                       
relu8 (ActivationLayer)                 -,-       0           -                                       [inception_3a_pool_bn]        
inception_3a_3x3_conv2 (ConvolutionLayer)96,128    110720      W:{128,96,3,3}, b:{1,128}               [padding1]                    
inception_3a_5x5_conv2 (ConvolutionLayer)16,32     12832       W:{32,16,5,5}, b:{1,32}                 [padding2]                    
padding3 (ZeroPaddingLayer)             -,-       0           -                                       [relu8]                       
inception_3a_3x3_bn2 (BatchNormalization)128,128   512         gamma:{1,128}, beta:{1,128}, mean:{1,128}, var:{1,128}[inception_3a_3x3_conv2]      
inception_3a_5x5_bn2 (BatchNormalization)32,32     128         gamma:{1,32}, beta:{1,32}, mean:{1,32}, var:{1,32}[inception_3a_5x5_conv2]      
relu5 (ActivationLayer)                 -,-       0           -                                       [inception_3a_3x3_bn2]        
relu7 (ActivationLayer)                 -,-       0           -                                       [inception_3a_5x5_bn2]        
inception_3a (MergeVertex)              -,-       -           -                                       [relu5, relu7, padding3, relu9]
avg1 (SubsamplingLayer)                 -,-       0           -                                       [inception_3a]                
inception_3b_3x3_conv1 (ConvolutionLayer)256,96    24672       W:{96,256,1,1}, b:{1,96}                [inception_3a]                
inception_3b_1x1_conv (ConvolutionLayer)256,64    16448       W:{64,256,1,1}, b:{1,64}                [inception_3a]                
inception_3b_5x5_conv1 (ConvolutionLayer)256,32    8224        W:{32,256,1,1}, b:{1,32}                [inception_3a]                
inception_3b_pool_conv (ConvolutionLayer)256,64    16448       W:{64,256,1,1}, b:{1,64}                [avg1]                        
inception_3b_3x3_bn1 (BatchNormalization)96,96     384         gamma:{1,96}, beta:{1,96}, mean:{1,96}, var:{1,96}[inception_3b_3x3_conv1]      
inception_3b_1x1_bn (BatchNormalization)64,64     256         gamma:{1,64}, beta:{1,64}, mean:{1,64}, var:{1,64}[inception_3b_1x1_conv]       
inception_3b_5x5_bn1 (BatchNormalization)32,32     128         gamma:{1,32}, beta:{1,32}, mean:{1,32}, var:{1,32}[inception_3b_5x5_conv1]      
inception_3b_pool_bn (BatchNormalization)64,64     256         gamma:{1,64}, beta:{1,64}, mean:{1,64}, var:{1,64}[inception_3b_pool_conv]      
relu10 (ActivationLayer)                -,-       0           -                                       [inception_3b_3x3_bn1]        
relu15 (ActivationLayer)                -,-       0           -                                       [inception_3b_1x1_bn]         
relu12 (ActivationLayer)                -,-       0           -                                       [inception_3b_5x5_bn1]        
relu14 (ActivationLayer)                -,-       0           -                                       [inception_3b_pool_bn]        
padding4 (ZeroPaddingLayer)             -,-       0           -                                       [relu10]                      
padding5 (ZeroPaddingLayer)             -,-       0           -                                       [relu12]                      
padding6 (ZeroPaddingLayer)             -,-       0           -                                       [relu14]                      
inception_3b_3x3_conv2 (ConvolutionLayer)96,128    110720      W:{128,96,3,3}, b:{1,128}               [padding4]                    
inception_3b_5x5_conv2 (ConvolutionLayer)32,64     51264       W:{64,32,5,5}, b:{1,64}                 [padding5]                    
inception_3b_3x3_bn2 (BatchNormalization)128,128   512         gamma:{1,128}, beta:{1,128}, mean:{1,128}, var:{1,128}[inception_3b_3x3_conv2]      
inception_3b_5x5_bn2 (BatchNormalization)64,64     256         gamma:{1,64}, beta:{1,64}, mean:{1,64}, var:{1,64}[inception_3b_5x5_conv2]      
relu11 (ActivationLayer)                -,-       0           -                                       [inception_3b_3x3_bn2]        
relu13 (ActivationLayer)                -,-       0           -                                       [inception_3b_5x5_bn2]        
inception_3b (MergeVertex)              -,-       -           -                                       [relu11, relu13, padding6, relu15]
inception_3c_5x5_conv1 (ConvolutionLayer)320,32    10272       W:{32,320,1,1}, b:{1,32}                [inception_3b]                
pool7 (SubsamplingLayer)                -,-       0           -                                       [inception_3b]                
inception_3c_3x3_conv1 (ConvolutionLayer)320,128   41088       W:{128,320,1,1}, b:{1,128}              [inception_3b]                
inception_3c_5x5_bn1 (BatchNormalization)32,32     128         gamma:{1,32}, beta:{1,32}, mean:{1,32}, var:{1,32}[inception_3c_5x5_conv1]      
padding9 (ZeroPaddingLayer)             -,-       0           -                                       [pool7]                       
inception_3c_3x3_bn1 (BatchNormalization)128,128   512         gamma:{1,128}, beta:{1,128}, mean:{1,128}, var:{1,128}[inception_3c_3x3_conv1]      
relu18 (ActivationLayer)                -,-       0           -                                       [inception_3c_5x5_bn1]        
relu16 (ActivationLayer)                -,-       0           -                                       [inception_3c_3x3_bn1]        
padding8 (ZeroPaddingLayer)             -,-       0           -                                       [relu18]                      
padding7 (ZeroPaddingLayer)             -,-       0           -                                       [relu16]                      
inception_3c_5x5_conv2 (ConvolutionLayer)32,64     51264       W:{64,32,5,5}, b:{1,64}                 [padding8]                    
inception_3c_3x3_conv2 (ConvolutionLayer)128,256   295168      W:{256,128,3,3}, b:{1,256}              [padding7]                    
inception_3c_5x5_bn2 (BatchNormalization)64,64     256         gamma:{1,64}, beta:{1,64}, mean:{1,64}, var:{1,64}[inception_3c_5x5_conv2]      
inception_3c_3x3_bn2 (BatchNormalization)256,256   1024        gamma:{1,256}, beta:{1,256}, mean:{1,256}, var:{1,256}[inception_3c_3x3_conv2]      
relu19 (ActivationLayer)                -,-       0           -                                       [inception_3c_5x5_bn2]        
relu17 (ActivationLayer)                -,-       0           -                                       [inception_3c_3x3_bn2]        
inception_3c (MergeVertex)              -,-       -           -                                       [relu17, relu19, padding9]    
inception_4a_1x1_conv (ConvolutionLayer)640,256   164096      W:{256,640,1,1}, b:{1,256}              [inception_3c]                
inception_4a_5x5_conv1 (ConvolutionLayer)640,32    20512       W:{32,640,1,1}, b:{1,32}                [inception_3c]                
avg7 (SubsamplingLayer)                 -,-       0           -                                       [inception_3c]                
inception_4a_3x3_conv1 (ConvolutionLayer)640,96    61536       W:{96,640,1,1}, b:{1,96}                [inception_3c]                
inception_4a_1x1_bn (BatchNormalization)256,256   1024        gamma:{1,256}, beta:{1,256}, mean:{1,256}, var:{1,256}[inception_4a_1x1_conv]       
inception_4a_5x5_bn1 (BatchNormalization)32,32     128         gamma:{1,32}, beta:{1,32}, mean:{1,32}, var:{1,32}[inception_4a_5x5_conv1]      
inception_4a_pool_conv (ConvolutionLayer)640,128   82048       W:{128,640,1,1}, b:{1,128}              [avg7]                        
inception_4a_3x3_bn1 (BatchNormalization)96,96     384         gamma:{1,96}, beta:{1,96}, mean:{1,96}, var:{1,96}[inception_4a_3x3_conv1]      
relu25 (ActivationLayer)                -,-       0           -                                       [inception_4a_1x1_bn]         
relu22 (ActivationLayer)                -,-       0           -                                       [inception_4a_5x5_bn1]        
inception_4a_pool_bn (BatchNormalization)128,128   512         gamma:{1,128}, beta:{1,128}, mean:{1,128}, var:{1,128}[inception_4a_pool_conv]      
relu20 (ActivationLayer)                -,-       0           -                                       [inception_4a_3x3_bn1]        
padding11 (ZeroPaddingLayer)            -,-       0           -                                       [relu22]                      
relu24 (ActivationLayer)                -,-       0           -                                       [inception_4a_pool_bn]        
padding10 (ZeroPaddingLayer)            -,-       0           -                                       [relu20]                      
inception_4a_5x5_conv2 (ConvolutionLayer)32,64     51264       W:{64,32,5,5}, b:{1,64}                 [padding11]                   
padding12 (ZeroPaddingLayer)            -,-       0           -                                       [relu24]                      
inception_4a_3x3_conv2 (ConvolutionLayer)96,192    166080      W:{192,96,3,3}, b:{1,192}               [padding10]                   
inception_4a_5x5_bn2 (BatchNormalization)64,64     256         gamma:{1,64}, beta:{1,64}, mean:{1,64}, var:{1,64}[inception_4a_5x5_conv2]      
inception_4a_3x3_bn2 (BatchNormalization)192,192   768         gamma:{1,192}, beta:{1,192}, mean:{1,192}, var:{1,192}[inception_4a_3x3_conv2]      
relu23 (ActivationLayer)                -,-       0           -                                       [inception_4a_5x5_bn2]        
relu21 (ActivationLayer)                -,-       0           -                                       [inception_4a_3x3_bn2]        
inception_4a (MergeVertex)              -,-       -           -                                       [relu21, relu23, relu25, padding12]
pool8 (SubsamplingLayer)                -,-       0           -                                       [inception_4a]                
inception_4e_3x3_conv1 (ConvolutionLayer)640,160   102560      W:{160,640,1,1}, b:{1,160}              [inception_4a]                
inception_4e_5x5_conv1 (ConvolutionLayer)640,64    41024       W:{64,640,1,1}, b:{1,64}                [inception_4a]                
padding15 (ZeroPaddingLayer)            -,-       0           -                                       [pool8]                       
inception_4e_3x3_bn1 (BatchNormalization)160,160   640         gamma:{1,160}, beta:{1,160}, mean:{1,160}, var:{1,160}[inception_4e_3x3_conv1]      
inception_4e_5x5_bn1 (BatchNormalization)64,64     256         gamma:{1,64}, beta:{1,64}, mean:{1,64}, var:{1,64}[inception_4e_5x5_conv1]      
relu26 (ActivationLayer)                -,-       0           -                                       [inception_4e_3x3_bn1]        
relu28 (ActivationLayer)                -,-       0           -                                       [inception_4e_5x5_bn1]        
padding13 (ZeroPaddingLayer)            -,-       0           -                                       [relu26]                      
padding14 (ZeroPaddingLayer)            -,-       0           -                                       [relu28]                      
inception_4e_3x3_conv2 (ConvolutionLayer)160,256   368896      W:{256,160,3,3}, b:{1,256}              [padding13]                   
inception_4e_5x5_conv2 (ConvolutionLayer)64,128    204928      W:{128,64,5,5}, b:{1,128}               [padding14]                   
inception_4e_3x3_bn2 (BatchNormalization)256,256   1024        gamma:{1,256}, beta:{1,256}, mean:{1,256}, var:{1,256}[inception_4e_3x3_conv2]      
inception_4e_5x5_bn2 (BatchNormalization)128,128   512         gamma:{1,128}, beta:{1,128}, mean:{1,128}, var:{1,128}[inception_4e_5x5_conv2]      
relu27 (ActivationLayer)                -,-       0           -                                       [inception_4e_3x3_bn2]        
relu29 (ActivationLayer)                -,-       0           -                                       [inception_4e_5x5_bn2]        
inception_4e (MergeVertex)              -,-       -           -                                       [relu27, relu29, padding15]   
inception_5a_1x1_conv (ConvolutionLayer)1024,256  262400      W:{256,1024,1,1}, b:{1,256}             [inception_4e]                
inception_5a_3x3_conv1 (ConvolutionLayer)1024,96   98400       W:{96,1024,1,1}, b:{1,96}               [inception_4e]                
avg9 (SubsamplingLayer)                 -,-       0           -                                       [inception_4e]                
inception_5a_1x1_bn (BatchNormalization)256,256   1024        gamma:{1,256}, beta:{1,256}, mean:{1,256}, var:{1,256}[inception_5a_1x1_conv]       
inception_5a_3x3_bn1 (BatchNormalization)96,96     384         gamma:{1,96}, beta:{1,96}, mean:{1,96}, var:{1,96}[inception_5a_3x3_conv1]      
inception_5a_pool_conv (ConvolutionLayer)1024,96   98400       W:{96,1024,1,1}, b:{1,96}               [avg9]                        
relu33 (ActivationLayer)                -,-       0           -                                       [inception_5a_1x1_bn]         
relu30 (ActivationLayer)                -,-       0           -                                       [inception_5a_3x3_bn1]        
inception_5a_pool_bn (BatchNormalization)96,96     384         gamma:{1,96}, beta:{1,96}, mean:{1,96}, var:{1,96}[inception_5a_pool_conv]      
padding16 (ZeroPaddingLayer)            -,-       0           -                                       [relu30]                      
relu32 (ActivationLayer)                -,-       0           -                                       [inception_5a_pool_bn]        
inception_5a_3x3_conv2 (ConvolutionLayer)96,384    332160      W:{384,96,3,3}, b:{1,384}               [padding16]                   
padding17 (ZeroPaddingLayer)            -,-       0           -                                       [relu32]                      
inception_5a_3x3_bn2 (BatchNormalization)384,384   1536        gamma:{1,384}, beta:{1,384}, mean:{1,384}, var:{1,384}[inception_5a_3x3_conv2]      
relu31 (ActivationLayer)                -,-       0           -                                       [inception_5a_3x3_bn2]        
inception_5a (MergeVertex)              -,-       -           -                                       [relu31, padding17, relu33]   
inception_5b_1x1_conv (ConvolutionLayer)736,256   188672      W:{256,736,1,1}, b:{1,256}              [inception_5a]                
inception_5b_3x3_conv1 (ConvolutionLayer)736,96    70752       W:{96,736,1,1}, b:{1,96}                [inception_5a]                
max2 (SubsamplingLayer)                 -,-       0           -                                       [inception_5a]                
inception_5b_1x1_bn (BatchNormalization)256,256   1024        gamma:{1,256}, beta:{1,256}, mean:{1,256}, var:{1,256}[inception_5b_1x1_conv]       
inception_5b_3x3_bn1 (BatchNormalization)96,96     384         gamma:{1,96}, beta:{1,96}, mean:{1,96}, var:{1,96}[inception_5b_3x3_conv1]      
inception_5b_pool_conv (ConvolutionLayer)736,96    70752       W:{96,736,1,1}, b:{1,96}                [max2]                        
relu37 (ActivationLayer)                -,-       0           -                                       [inception_5b_1x1_bn]         
relu34 (ActivationLayer)                -,-       0           -                                       [inception_5b_3x3_bn1]        
inception_5b_pool_bn (BatchNormalization)96,96     384         gamma:{1,96}, beta:{1,96}, mean:{1,96}, var:{1,96}[inception_5b_pool_conv]      
padding18 (ZeroPaddingLayer)            -,-       0           -                                       [relu34]                      
relu36 (ActivationLayer)                -,-       0           -                                       [inception_5b_pool_bn]        
inception_5b_3x3_conv2 (ConvolutionLayer)96,384    332160      W:{384,96,3,3}, b:{1,384}               [padding18]                   
padding19 (ZeroPaddingLayer)            -,-       0           -                                       [relu36]                      
inception_5b_3x3_bn2 (BatchNormalization)384,384   1536        gamma:{1,384}, beta:{1,384}, mean:{1,384}, var:{1,384}[inception_5b_3x3_conv2]      
relu35 (ActivationLayer)                -,-       0           -                                       [inception_5b_3x3_bn2]        
inception_5b (MergeVertex)              -,-       -           -                                       [relu35, padding19, relu37]   
avgpool (SubsamplingLayer)              -,-       0           -                                       [inception_5b]                
dense (DenseLayer)                      736,128   94336       W:{736,128}, b:{1,128}                  [avgpool]                     
encodings (L2NormalizeVertex)           -,-       -           -                                       [dense]                       
----------------------------------------------------------------------------------------------------------------------------------------------------------------------------------------------------------------------------------------------------------
            Total Parameters:  3743280
        Trainable Parameters:  3743280
           Frozen Parameters:  0
==========================================================================================================================================================================================================================================================

[2019-05-09 17:31:15]Loaded [CpuBackend] backend
[2019-05-09 17:31:16]Number of threads used for NativeOps: 4
[2019-05-09 17:31:16]Number of threads used for BLAS: 4
[2019-05-09 17:31:16]Backend used: [CPU]; OS: [Windows 10]
[2019-05-09 17:31:16]Cores: [8]; Memory: [1.9GB];
[2019-05-09 17:31:16]Blas vendor: [OPENBLAS]
[2019-05-09 17:31:16]Starting ComputationGraph with WorkspaceModes set to [training: ENABLED; inference: ENABLED], cacheMode set to [NONE]
[2019-05-09 17:31:23]
==========================================================================================================================================================================================================================================================
VertexName (VertexType)                 nIn,nOut  TotalParams ParamsShape                             Vertex Inputs                 
==========================================================================================================================================================================================================================================================
input1 (InputVertex)                    -,-       -           -                                       -                             
pad1 (ZeroPaddingLayer)                 -,-       0           -                                       [input1]                      
conv1 (ConvolutionLayer)                3,64      9472        W:{64,3,7,7}, b:{1,64}                  [pad1]                        
bn1 (BatchNormalization)                64,64     256         gamma:{1,64}, beta:{1,64}, mean:{1,64}, var:{1,64}[conv1]                       
relu1 (ActivationLayer)                 -,-       0           -                                       [bn1]                         
pad2 (ZeroPaddingLayer)                 -,-       0           -                                       [relu1]                       
pool1 (SubsamplingLayer)                -,-       0           -                                       [pad2]                        
conv2 (ConvolutionLayer)                64,64     4160        W:{64,64,1,1}, b:{1,64}                 [pool1]                       
bn2 (BatchNormalization)                64,64     256         gamma:{1,64}, beta:{1,64}, mean:{1,64}, var:{1,64}[conv2]                       
relu2 (ActivationLayer)                 -,-       0           -                                       [bn2]                         
pad3 (ZeroPaddingLayer)                 -,-       0           -                                       [relu2]                       
conv3 (ConvolutionLayer)                64,192    110784      W:{192,64,3,3}, b:{1,192}               [pad3]                        
bn3 (BatchNormalization)                192,192   768         gamma:{1,192}, beta:{1,192}, mean:{1,192}, var:{1,192}[conv3]                       
relu3 (ActivationLayer)                 -,-       0           -                                       [bn3]                         
pad4 (ZeroPaddingLayer)                 -,-       0           -                                       [relu3]                       
pool2 (SubsamplingLayer)                -,-       0           -                                       [pad4]                        
inception_3a_3x3_conv1 (ConvolutionLayer)192,96    18528       W:{96,192,1,1}, b:{1,96}                [pool2]                       
inception_3a_1x1_conv (ConvolutionLayer)192,64    12352       W:{64,192,1,1}, b:{1,64}                [pool2]                       
inception_3a_5x5_conv1 (ConvolutionLayer)192,16    3088        W:{16,192,1,1}, b:{1,16}                [pool2]                       
pool3 (SubsamplingLayer)                -,-       0           -                                       [pool2]                       
inception_3a_3x3_bn1 (BatchNormalization)96,96     384         gamma:{1,96}, beta:{1,96}, mean:{1,96}, var:{1,96}[inception_3a_3x3_conv1]      
inception_3a_1x1_bn (BatchNormalization)64,64     256         gamma:{1,64}, beta:{1,64}, mean:{1,64}, var:{1,64}[inception_3a_1x1_conv]       
inception_3a_5x5_bn1 (BatchNormalization)16,16     64          gamma:{1,16}, beta:{1,16}, mean:{1,16}, var:{1,16}[inception_3a_5x5_conv1]      
inception_3a_pool_conv (ConvolutionLayer)192,32    6176        W:{32,192,1,1}, b:{1,32}                [pool3]                       
relu4 (ActivationLayer)                 -,-       0           -                                       [inception_3a_3x3_bn1]        
relu9 (ActivationLayer)                 -,-       0           -                                       [inception_3a_1x1_bn]         
relu6 (ActivationLayer)                 -,-       0           -                                       [inception_3a_5x5_bn1]        
inception_3a_pool_bn (BatchNormalization)32,32     128         gamma:{1,32}, beta:{1,32}, mean:{1,32}, var:{1,32}[inception_3a_pool_conv]      
padding1 (ZeroPaddingLayer)             -,-       0           -                                       [relu4]                       
padding2 (ZeroPaddingLayer)             -,-       0           -                                       [relu6]                       
relu8 (ActivationLayer)                 -,-       0           -                                       [inception_3a_pool_bn]        
inception_3a_3x3_conv2 (ConvolutionLayer)96,128    110720      W:{128,96,3,3}, b:{1,128}               [padding1]                    
inception_3a_5x5_conv2 (ConvolutionLayer)16,32     12832       W:{32,16,5,5}, b:{1,32}                 [padding2]                    
padding3 (ZeroPaddingLayer)             -,-       0           -                                       [relu8]                       
inception_3a_3x3_bn2 (BatchNormalization)128,128   512         gamma:{1,128}, beta:{1,128}, mean:{1,128}, var:{1,128}[inception_3a_3x3_conv2]      
inception_3a_5x5_bn2 (BatchNormalization)32,32     128         gamma:{1,32}, beta:{1,32}, mean:{1,32}, var:{1,32}[inception_3a_5x5_conv2]      
relu5 (ActivationLayer)                 -,-       0           -                                       [inception_3a_3x3_bn2]        
relu7 (ActivationLayer)                 -,-       0           -                                       [inception_3a_5x5_bn2]        
inception_3a (MergeVertex)              -,-       -           -                                       [relu5, relu7, padding3, relu9]
avg1 (SubsamplingLayer)                 -,-       0           -                                       [inception_3a]                
inception_3b_3x3_conv1 (ConvolutionLayer)256,96    24672       W:{96,256,1,1}, b:{1,96}                [inception_3a]                
inception_3b_1x1_conv (ConvolutionLayer)256,64    16448       W:{64,256,1,1}, b:{1,64}                [inception_3a]                
inception_3b_5x5_conv1 (ConvolutionLayer)256,32    8224        W:{32,256,1,1}, b:{1,32}                [inception_3a]                
inception_3b_pool_conv (ConvolutionLayer)256,64    16448       W:{64,256,1,1}, b:{1,64}                [avg1]                        
inception_3b_3x3_bn1 (BatchNormalization)96,96     384         gamma:{1,96}, beta:{1,96}, mean:{1,96}, var:{1,96}[inception_3b_3x3_conv1]      
inception_3b_1x1_bn (BatchNormalization)64,64     256         gamma:{1,64}, beta:{1,64}, mean:{1,64}, var:{1,64}[inception_3b_1x1_conv]       
inception_3b_5x5_bn1 (BatchNormalization)32,32     128         gamma:{1,32}, beta:{1,32}, mean:{1,32}, var:{1,32}[inception_3b_5x5_conv1]      
inception_3b_pool_bn (BatchNormalization)64,64     256         gamma:{1,64}, beta:{1,64}, mean:{1,64}, var:{1,64}[inception_3b_pool_conv]      
relu10 (ActivationLayer)                -,-       0           -                                       [inception_3b_3x3_bn1]        
relu15 (ActivationLayer)                -,-       0           -                                       [inception_3b_1x1_bn]         
relu12 (ActivationLayer)                -,-       0           -                                       [inception_3b_5x5_bn1]        
relu14 (ActivationLayer)                -,-       0           -                                       [inception_3b_pool_bn]        
padding4 (ZeroPaddingLayer)             -,-       0           -                                       [relu10]                      
padding5 (ZeroPaddingLayer)             -,-       0           -                                       [relu12]                      
padding6 (ZeroPaddingLayer)             -,-       0           -                                       [relu14]                      
inception_3b_3x3_conv2 (ConvolutionLayer)96,128    110720      W:{128,96,3,3}, b:{1,128}               [padding4]                    
inception_3b_5x5_conv2 (ConvolutionLayer)32,64     51264       W:{64,32,5,5}, b:{1,64}                 [padding5]                    
inception_3b_3x3_bn2 (BatchNormalization)128,128   512         gamma:{1,128}, beta:{1,128}, mean:{1,128}, var:{1,128}[inception_3b_3x3_conv2]      
inception_3b_5x5_bn2 (BatchNormalization)64,64     256         gamma:{1,64}, beta:{1,64}, mean:{1,64}, var:{1,64}[inception_3b_5x5_conv2]      
relu11 (ActivationLayer)                -,-       0           -                                       [inception_3b_3x3_bn2]        
relu13 (ActivationLayer)                -,-       0           -                                       [inception_3b_5x5_bn2]        
inception_3b (MergeVertex)              -,-       -           -                                       [relu11, relu13, padding6, relu15]
inception_3c_5x5_conv1 (ConvolutionLayer)320,32    10272       W:{32,320,1,1}, b:{1,32}                [inception_3b]                
pool7 (SubsamplingLayer)                -,-       0           -                                       [inception_3b]                
inception_3c_3x3_conv1 (ConvolutionLayer)320,128   41088       W:{128,320,1,1}, b:{1,128}              [inception_3b]                
inception_3c_5x5_bn1 (BatchNormalization)32,32     128         gamma:{1,32}, beta:{1,32}, mean:{1,32}, var:{1,32}[inception_3c_5x5_conv1]      
padding9 (ZeroPaddingLayer)             -,-       0           -                                       [pool7]                       
inception_3c_3x3_bn1 (BatchNormalization)128,128   512         gamma:{1,128}, beta:{1,128}, mean:{1,128}, var:{1,128}[inception_3c_3x3_conv1]      
relu18 (ActivationLayer)                -,-       0           -                                       [inception_3c_5x5_bn1]        
relu16 (ActivationLayer)                -,-       0           -                                       [inception_3c_3x3_bn1]        
padding8 (ZeroPaddingLayer)             -,-       0           -                                       [relu18]                      
padding7 (ZeroPaddingLayer)             -,-       0           -                                       [relu16]                      
inception_3c_5x5_conv2 (ConvolutionLayer)32,64     51264       W:{64,32,5,5}, b:{1,64}                 [padding8]                    
inception_3c_3x3_conv2 (ConvolutionLayer)128,256   295168      W:{256,128,3,3}, b:{1,256}              [padding7]                    
inception_3c_5x5_bn2 (BatchNormalization)64,64     256         gamma:{1,64}, beta:{1,64}, mean:{1,64}, var:{1,64}[inception_3c_5x5_conv2]      
inception_3c_3x3_bn2 (BatchNormalization)256,256   1024        gamma:{1,256}, beta:{1,256}, mean:{1,256}, var:{1,256}[inception_3c_3x3_conv2]      
relu19 (ActivationLayer)                -,-       0           -                                       [inception_3c_5x5_bn2]        
relu17 (ActivationLayer)                -,-       0           -                                       [inception_3c_3x3_bn2]        
inception_3c (MergeVertex)              -,-       -           -                                       [relu17, relu19, padding9]    
inception_4a_1x1_conv (ConvolutionLayer)640,256   164096      W:{256,640,1,1}, b:{1,256}              [inception_3c]                
inception_4a_5x5_conv1 (ConvolutionLayer)640,32    20512       W:{32,640,1,1}, b:{1,32}                [inception_3c]                
avg7 (SubsamplingLayer)                 -,-       0           -                                       [inception_3c]                
inception_4a_3x3_conv1 (ConvolutionLayer)640,96    61536       W:{96,640,1,1}, b:{1,96}                [inception_3c]                
inception_4a_1x1_bn (BatchNormalization)256,256   1024        gamma:{1,256}, beta:{1,256}, mean:{1,256}, var:{1,256}[inception_4a_1x1_conv]       
inception_4a_5x5_bn1 (BatchNormalization)32,32     128         gamma:{1,32}, beta:{1,32}, mean:{1,32}, var:{1,32}[inception_4a_5x5_conv1]      
inception_4a_pool_conv (ConvolutionLayer)640,128   82048       W:{128,640,1,1}, b:{1,128}              [avg7]                        
inception_4a_3x3_bn1 (BatchNormalization)96,96     384         gamma:{1,96}, beta:{1,96}, mean:{1,96}, var:{1,96}[inception_4a_3x3_conv1]      
relu25 (ActivationLayer)                -,-       0           -                                       [inception_4a_1x1_bn]         
relu22 (ActivationLayer)                -,-       0           -                                       [inception_4a_5x5_bn1]        
inception_4a_pool_bn (BatchNormalization)128,128   512         gamma:{1,128}, beta:{1,128}, mean:{1,128}, var:{1,128}[inception_4a_pool_conv]      
relu20 (ActivationLayer)                -,-       0           -                                       [inception_4a_3x3_bn1]        
padding11 (ZeroPaddingLayer)            -,-       0           -                                       [relu22]                      
relu24 (ActivationLayer)                -,-       0           -                                       [inception_4a_pool_bn]        
padding10 (ZeroPaddingLayer)            -,-       0           -                                       [relu20]                      
inception_4a_5x5_conv2 (ConvolutionLayer)32,64     51264       W:{64,32,5,5}, b:{1,64}                 [padding11]                   
padding12 (ZeroPaddingLayer)            -,-       0           -                                       [relu24]                      
inception_4a_3x3_conv2 (ConvolutionLayer)96,192    166080      W:{192,96,3,3}, b:{1,192}               [padding10]                   
inception_4a_5x5_bn2 (BatchNormalization)64,64     256         gamma:{1,64}, beta:{1,64}, mean:{1,64}, var:{1,64}[inception_4a_5x5_conv2]      
inception_4a_3x3_bn2 (BatchNormalization)192,192   768         gamma:{1,192}, beta:{1,192}, mean:{1,192}, var:{1,192}[inception_4a_3x3_conv2]      
relu23 (ActivationLayer)                -,-       0           -                                       [inception_4a_5x5_bn2]        
relu21 (ActivationLayer)                -,-       0           -                                       [inception_4a_3x3_bn2]        
inception_4a (MergeVertex)              -,-       -           -                                       [relu21, relu23, relu25, padding12]
pool8 (SubsamplingLayer)                -,-       0           -                                       [inception_4a]                
inception_4e_3x3_conv1 (ConvolutionLayer)640,160   102560      W:{160,640,1,1}, b:{1,160}              [inception_4a]                
inception_4e_5x5_conv1 (ConvolutionLayer)640,64    41024       W:{64,640,1,1}, b:{1,64}                [inception_4a]                
padding15 (ZeroPaddingLayer)            -,-       0           -                                       [pool8]                       
inception_4e_3x3_bn1 (BatchNormalization)160,160   640         gamma:{1,160}, beta:{1,160}, mean:{1,160}, var:{1,160}[inception_4e_3x3_conv1]      
inception_4e_5x5_bn1 (BatchNormalization)64,64     256         gamma:{1,64}, beta:{1,64}, mean:{1,64}, var:{1,64}[inception_4e_5x5_conv1]      
relu26 (ActivationLayer)                -,-       0           -                                       [inception_4e_3x3_bn1]        
relu28 (ActivationLayer)                -,-       0           -                                       [inception_4e_5x5_bn1]        
padding13 (ZeroPaddingLayer)            -,-       0           -                                       [relu26]                      
padding14 (ZeroPaddingLayer)            -,-       0           -                                       [relu28]                      
inception_4e_3x3_conv2 (ConvolutionLayer)160,256   368896      W:{256,160,3,3}, b:{1,256}              [padding13]                   
inception_4e_5x5_conv2 (ConvolutionLayer)64,128    204928      W:{128,64,5,5}, b:{1,128}               [padding14]                   
inception_4e_3x3_bn2 (BatchNormalization)256,256   1024        gamma:{1,256}, beta:{1,256}, mean:{1,256}, var:{1,256}[inception_4e_3x3_conv2]      
inception_4e_5x5_bn2 (BatchNormalization)128,128   512         gamma:{1,128}, beta:{1,128}, mean:{1,128}, var:{1,128}[inception_4e_5x5_conv2]      
relu27 (ActivationLayer)                -,-       0           -                                       [inception_4e_3x3_bn2]        
relu29 (ActivationLayer)                -,-       0           -                                       [inception_4e_5x5_bn2]        
inception_4e (MergeVertex)              -,-       -           -                                       [relu27, relu29, padding15]   
inception_5a_1x1_conv (ConvolutionLayer)1024,256  262400      W:{256,1024,1,1}, b:{1,256}             [inception_4e]                
inception_5a_3x3_conv1 (ConvolutionLayer)1024,96   98400       W:{96,1024,1,1}, b:{1,96}               [inception_4e]                
avg9 (SubsamplingLayer)                 -,-       0           -                                       [inception_4e]                
inception_5a_1x1_bn (BatchNormalization)256,256   1024        gamma:{1,256}, beta:{1,256}, mean:{1,256}, var:{1,256}[inception_5a_1x1_conv]       
inception_5a_3x3_bn1 (BatchNormalization)96,96     384         gamma:{1,96}, beta:{1,96}, mean:{1,96}, var:{1,96}[inception_5a_3x3_conv1]      
inception_5a_pool_conv (ConvolutionLayer)1024,96   98400       W:{96,1024,1,1}, b:{1,96}               [avg9]                        
relu33 (ActivationLayer)                -,-       0           -                                       [inception_5a_1x1_bn]         
relu30 (ActivationLayer)                -,-       0           -                                       [inception_5a_3x3_bn1]        
inception_5a_pool_bn (BatchNormalization)96,96     384         gamma:{1,96}, beta:{1,96}, mean:{1,96}, var:{1,96}[inception_5a_pool_conv]      
padding16 (ZeroPaddingLayer)            -,-       0           -                                       [relu30]                      
relu32 (ActivationLayer)                -,-       0           -                                       [inception_5a_pool_bn]        
inception_5a_3x3_conv2 (ConvolutionLayer)96,384    332160      W:{384,96,3,3}, b:{1,384}               [padding16]                   
padding17 (ZeroPaddingLayer)            -,-       0           -                                       [relu32]                      
inception_5a_3x3_bn2 (BatchNormalization)384,384   1536        gamma:{1,384}, beta:{1,384}, mean:{1,384}, var:{1,384}[inception_5a_3x3_conv2]      
relu31 (ActivationLayer)                -,-       0           -                                       [inception_5a_3x3_bn2]        
inception_5a (MergeVertex)              -,-       -           -                                       [relu31, padding17, relu33]   
inception_5b_1x1_conv (ConvolutionLayer)736,256   188672      W:{256,736,1,1}, b:{1,256}              [inception_5a]                
inception_5b_3x3_conv1 (ConvolutionLayer)736,96    70752       W:{96,736,1,1}, b:{1,96}                [inception_5a]                
max2 (SubsamplingLayer)                 -,-       0           -                                       [inception_5a]                
inception_5b_1x1_bn (BatchNormalization)256,256   1024        gamma:{1,256}, beta:{1,256}, mean:{1,256}, var:{1,256}[inception_5b_1x1_conv]       
inception_5b_3x3_bn1 (BatchNormalization)96,96     384         gamma:{1,96}, beta:{1,96}, mean:{1,96}, var:{1,96}[inception_5b_3x3_conv1]      
inception_5b_pool_conv (ConvolutionLayer)736,96    70752       W:{96,736,1,1}, b:{1,96}                [max2]                        
relu37 (ActivationLayer)                -,-       0           -                                       [inception_5b_1x1_bn]         
relu34 (ActivationLayer)                -,-       0           -                                       [inception_5b_3x3_bn1]        
inception_5b_pool_bn (BatchNormalization)96,96     384         gamma:{1,96}, beta:{1,96}, mean:{1,96}, var:{1,96}[inception_5b_pool_conv]      
padding18 (ZeroPaddingLayer)            -,-       0           -                                       [relu34]                      
relu36 (ActivationLayer)                -,-       0           -                                       [inception_5b_pool_bn]        
inception_5b_3x3_conv2 (ConvolutionLayer)96,384    332160      W:{384,96,3,3}, b:{1,384}               [padding18]                   
padding19 (ZeroPaddingLayer)            -,-       0           -                                       [relu36]                      
inception_5b_3x3_bn2 (BatchNormalization)384,384   1536        gamma:{1,384}, beta:{1,384}, mean:{1,384}, var:{1,384}[inception_5b_3x3_conv2]      
relu35 (ActivationLayer)                -,-       0           -                                       [inception_5b_3x3_bn2]        
inception_5b (MergeVertex)              -,-       -           -                                       [relu35, padding19, relu37]   
avgpool (SubsamplingLayer)              -,-       0           -                                       [inception_5b]                
dense (DenseLayer)                      736,128   94336       W:{736,128}, b:{1,128}                  [avgpool]                     
encodings (L2NormalizeVertex)           -,-       -           -                                       [dense]                       
----------------------------------------------------------------------------------------------------------------------------------------------------------------------------------------------------------------------------------------------------------
            Total Parameters:  3743280
        Trainable Parameters:  3743280
           Frozen Parameters:  0
==========================================================================================================================================================================================================================================================

[2019-05-09 17:36:04]Loaded [CpuBackend] backend
[2019-05-09 17:36:05]Number of threads used for NativeOps: 4
[2019-05-09 17:36:05]Number of threads used for BLAS: 4
[2019-05-09 17:36:05]Backend used: [CPU]; OS: [Windows 10]
[2019-05-09 17:36:05]Cores: [8]; Memory: [1.9GB];
[2019-05-09 17:36:05]Blas vendor: [OPENBLAS]
[2019-05-09 17:36:06]Starting ComputationGraph with WorkspaceModes set to [training: ENABLED; inference: ENABLED], cacheMode set to [NONE]
[2019-05-09 17:36:13]
==========================================================================================================================================================================================================================================================
VertexName (VertexType)                 nIn,nOut  TotalParams ParamsShape                             Vertex Inputs                 
==========================================================================================================================================================================================================================================================
input1 (InputVertex)                    -,-       -           -                                       -                             
pad1 (ZeroPaddingLayer)                 -,-       0           -                                       [input1]                      
conv1 (ConvolutionLayer)                3,64      9472        W:{64,3,7,7}, b:{1,64}                  [pad1]                        
bn1 (BatchNormalization)                64,64     256         gamma:{1,64}, beta:{1,64}, mean:{1,64}, var:{1,64}[conv1]                       
relu1 (ActivationLayer)                 -,-       0           -                                       [bn1]                         
pad2 (ZeroPaddingLayer)                 -,-       0           -                                       [relu1]                       
pool1 (SubsamplingLayer)                -,-       0           -                                       [pad2]                        
conv2 (ConvolutionLayer)                64,64     4160        W:{64,64,1,1}, b:{1,64}                 [pool1]                       
bn2 (BatchNormalization)                64,64     256         gamma:{1,64}, beta:{1,64}, mean:{1,64}, var:{1,64}[conv2]                       
relu2 (ActivationLayer)                 -,-       0           -                                       [bn2]                         
pad3 (ZeroPaddingLayer)                 -,-       0           -                                       [relu2]                       
conv3 (ConvolutionLayer)                64,192    110784      W:{192,64,3,3}, b:{1,192}               [pad3]                        
bn3 (BatchNormalization)                192,192   768         gamma:{1,192}, beta:{1,192}, mean:{1,192}, var:{1,192}[conv3]                       
relu3 (ActivationLayer)                 -,-       0           -                                       [bn3]                         
pad4 (ZeroPaddingLayer)                 -,-       0           -                                       [relu3]                       
pool2 (SubsamplingLayer)                -,-       0           -                                       [pad4]                        
inception_3a_3x3_conv1 (ConvolutionLayer)192,96    18528       W:{96,192,1,1}, b:{1,96}                [pool2]                       
inception_3a_1x1_conv (ConvolutionLayer)192,64    12352       W:{64,192,1,1}, b:{1,64}                [pool2]                       
inception_3a_5x5_conv1 (ConvolutionLayer)192,16    3088        W:{16,192,1,1}, b:{1,16}                [pool2]                       
pool3 (SubsamplingLayer)                -,-       0           -                                       [pool2]                       
inception_3a_3x3_bn1 (BatchNormalization)96,96     384         gamma:{1,96}, beta:{1,96}, mean:{1,96}, var:{1,96}[inception_3a_3x3_conv1]      
inception_3a_1x1_bn (BatchNormalization)64,64     256         gamma:{1,64}, beta:{1,64}, mean:{1,64}, var:{1,64}[inception_3a_1x1_conv]       
inception_3a_5x5_bn1 (BatchNormalization)16,16     64          gamma:{1,16}, beta:{1,16}, mean:{1,16}, var:{1,16}[inception_3a_5x5_conv1]      
inception_3a_pool_conv (ConvolutionLayer)192,32    6176        W:{32,192,1,1}, b:{1,32}                [pool3]                       
relu4 (ActivationLayer)                 -,-       0           -                                       [inception_3a_3x3_bn1]        
relu9 (ActivationLayer)                 -,-       0           -                                       [inception_3a_1x1_bn]         
relu6 (ActivationLayer)                 -,-       0           -                                       [inception_3a_5x5_bn1]        
inception_3a_pool_bn (BatchNormalization)32,32     128         gamma:{1,32}, beta:{1,32}, mean:{1,32}, var:{1,32}[inception_3a_pool_conv]      
padding1 (ZeroPaddingLayer)             -,-       0           -                                       [relu4]                       
padding2 (ZeroPaddingLayer)             -,-       0           -                                       [relu6]                       
relu8 (ActivationLayer)                 -,-       0           -                                       [inception_3a_pool_bn]        
inception_3a_3x3_conv2 (ConvolutionLayer)96,128    110720      W:{128,96,3,3}, b:{1,128}               [padding1]                    
inception_3a_5x5_conv2 (ConvolutionLayer)16,32     12832       W:{32,16,5,5}, b:{1,32}                 [padding2]                    
padding3 (ZeroPaddingLayer)             -,-       0           -                                       [relu8]                       
inception_3a_3x3_bn2 (BatchNormalization)128,128   512         gamma:{1,128}, beta:{1,128}, mean:{1,128}, var:{1,128}[inception_3a_3x3_conv2]      
inception_3a_5x5_bn2 (BatchNormalization)32,32     128         gamma:{1,32}, beta:{1,32}, mean:{1,32}, var:{1,32}[inception_3a_5x5_conv2]      
relu5 (ActivationLayer)                 -,-       0           -                                       [inception_3a_3x3_bn2]        
relu7 (ActivationLayer)                 -,-       0           -                                       [inception_3a_5x5_bn2]        
inception_3a (MergeVertex)              -,-       -           -                                       [relu5, relu7, padding3, relu9]
avg1 (SubsamplingLayer)                 -,-       0           -                                       [inception_3a]                
inception_3b_3x3_conv1 (ConvolutionLayer)256,96    24672       W:{96,256,1,1}, b:{1,96}                [inception_3a]                
inception_3b_1x1_conv (ConvolutionLayer)256,64    16448       W:{64,256,1,1}, b:{1,64}                [inception_3a]                
inception_3b_5x5_conv1 (ConvolutionLayer)256,32    8224        W:{32,256,1,1}, b:{1,32}                [inception_3a]                
inception_3b_pool_conv (ConvolutionLayer)256,64    16448       W:{64,256,1,1}, b:{1,64}                [avg1]                        
inception_3b_3x3_bn1 (BatchNormalization)96,96     384         gamma:{1,96}, beta:{1,96}, mean:{1,96}, var:{1,96}[inception_3b_3x3_conv1]      
inception_3b_1x1_bn (BatchNormalization)64,64     256         gamma:{1,64}, beta:{1,64}, mean:{1,64}, var:{1,64}[inception_3b_1x1_conv]       
inception_3b_5x5_bn1 (BatchNormalization)32,32     128         gamma:{1,32}, beta:{1,32}, mean:{1,32}, var:{1,32}[inception_3b_5x5_conv1]      
inception_3b_pool_bn (BatchNormalization)64,64     256         gamma:{1,64}, beta:{1,64}, mean:{1,64}, var:{1,64}[inception_3b_pool_conv]      
relu10 (ActivationLayer)                -,-       0           -                                       [inception_3b_3x3_bn1]        
relu15 (ActivationLayer)                -,-       0           -                                       [inception_3b_1x1_bn]         
relu12 (ActivationLayer)                -,-       0           -                                       [inception_3b_5x5_bn1]        
relu14 (ActivationLayer)                -,-       0           -                                       [inception_3b_pool_bn]        
padding4 (ZeroPaddingLayer)             -,-       0           -                                       [relu10]                      
padding5 (ZeroPaddingLayer)             -,-       0           -                                       [relu12]                      
padding6 (ZeroPaddingLayer)             -,-       0           -                                       [relu14]                      
inception_3b_3x3_conv2 (ConvolutionLayer)96,128    110720      W:{128,96,3,3}, b:{1,128}               [padding4]                    
inception_3b_5x5_conv2 (ConvolutionLayer)32,64     51264       W:{64,32,5,5}, b:{1,64}                 [padding5]                    
inception_3b_3x3_bn2 (BatchNormalization)128,128   512         gamma:{1,128}, beta:{1,128}, mean:{1,128}, var:{1,128}[inception_3b_3x3_conv2]      
inception_3b_5x5_bn2 (BatchNormalization)64,64     256         gamma:{1,64}, beta:{1,64}, mean:{1,64}, var:{1,64}[inception_3b_5x5_conv2]      
relu11 (ActivationLayer)                -,-       0           -                                       [inception_3b_3x3_bn2]        
relu13 (ActivationLayer)                -,-       0           -                                       [inception_3b_5x5_bn2]        
inception_3b (MergeVertex)              -,-       -           -                                       [relu11, relu13, padding6, relu15]
inception_3c_5x5_conv1 (ConvolutionLayer)320,32    10272       W:{32,320,1,1}, b:{1,32}                [inception_3b]                
pool7 (SubsamplingLayer)                -,-       0           -                                       [inception_3b]                
inception_3c_3x3_conv1 (ConvolutionLayer)320,128   41088       W:{128,320,1,1}, b:{1,128}              [inception_3b]                
inception_3c_5x5_bn1 (BatchNormalization)32,32     128         gamma:{1,32}, beta:{1,32}, mean:{1,32}, var:{1,32}[inception_3c_5x5_conv1]      
padding9 (ZeroPaddingLayer)             -,-       0           -                                       [pool7]                       
inception_3c_3x3_bn1 (BatchNormalization)128,128   512         gamma:{1,128}, beta:{1,128}, mean:{1,128}, var:{1,128}[inception_3c_3x3_conv1]      
relu18 (ActivationLayer)                -,-       0           -                                       [inception_3c_5x5_bn1]        
relu16 (ActivationLayer)                -,-       0           -                                       [inception_3c_3x3_bn1]        
padding8 (ZeroPaddingLayer)             -,-       0           -                                       [relu18]                      
padding7 (ZeroPaddingLayer)             -,-       0           -                                       [relu16]                      
inception_3c_5x5_conv2 (ConvolutionLayer)32,64     51264       W:{64,32,5,5}, b:{1,64}                 [padding8]                    
inception_3c_3x3_conv2 (ConvolutionLayer)128,256   295168      W:{256,128,3,3}, b:{1,256}              [padding7]                    
inception_3c_5x5_bn2 (BatchNormalization)64,64     256         gamma:{1,64}, beta:{1,64}, mean:{1,64}, var:{1,64}[inception_3c_5x5_conv2]      
inception_3c_3x3_bn2 (BatchNormalization)256,256   1024        gamma:{1,256}, beta:{1,256}, mean:{1,256}, var:{1,256}[inception_3c_3x3_conv2]      
relu19 (ActivationLayer)                -,-       0           -                                       [inception_3c_5x5_bn2]        
relu17 (ActivationLayer)                -,-       0           -                                       [inception_3c_3x3_bn2]        
inception_3c (MergeVertex)              -,-       -           -                                       [relu17, relu19, padding9]    
inception_4a_1x1_conv (ConvolutionLayer)640,256   164096      W:{256,640,1,1}, b:{1,256}              [inception_3c]                
inception_4a_5x5_conv1 (ConvolutionLayer)640,32    20512       W:{32,640,1,1}, b:{1,32}                [inception_3c]                
avg7 (SubsamplingLayer)                 -,-       0           -                                       [inception_3c]                
inception_4a_3x3_conv1 (ConvolutionLayer)640,96    61536       W:{96,640,1,1}, b:{1,96}                [inception_3c]                
inception_4a_1x1_bn (BatchNormalization)256,256   1024        gamma:{1,256}, beta:{1,256}, mean:{1,256}, var:{1,256}[inception_4a_1x1_conv]       
inception_4a_5x5_bn1 (BatchNormalization)32,32     128         gamma:{1,32}, beta:{1,32}, mean:{1,32}, var:{1,32}[inception_4a_5x5_conv1]      
inception_4a_pool_conv (ConvolutionLayer)640,128   82048       W:{128,640,1,1}, b:{1,128}              [avg7]                        
inception_4a_3x3_bn1 (BatchNormalization)96,96     384         gamma:{1,96}, beta:{1,96}, mean:{1,96}, var:{1,96}[inception_4a_3x3_conv1]      
relu25 (ActivationLayer)                -,-       0           -                                       [inception_4a_1x1_bn]         
relu22 (ActivationLayer)                -,-       0           -                                       [inception_4a_5x5_bn1]        
inception_4a_pool_bn (BatchNormalization)128,128   512         gamma:{1,128}, beta:{1,128}, mean:{1,128}, var:{1,128}[inception_4a_pool_conv]      
relu20 (ActivationLayer)                -,-       0           -                                       [inception_4a_3x3_bn1]        
padding11 (ZeroPaddingLayer)            -,-       0           -                                       [relu22]                      
relu24 (ActivationLayer)                -,-       0           -                                       [inception_4a_pool_bn]        
padding10 (ZeroPaddingLayer)            -,-       0           -                                       [relu20]                      
inception_4a_5x5_conv2 (ConvolutionLayer)32,64     51264       W:{64,32,5,5}, b:{1,64}                 [padding11]                   
padding12 (ZeroPaddingLayer)            -,-       0           -                                       [relu24]                      
inception_4a_3x3_conv2 (ConvolutionLayer)96,192    166080      W:{192,96,3,3}, b:{1,192}               [padding10]                   
inception_4a_5x5_bn2 (BatchNormalization)64,64     256         gamma:{1,64}, beta:{1,64}, mean:{1,64}, var:{1,64}[inception_4a_5x5_conv2]      
inception_4a_3x3_bn2 (BatchNormalization)192,192   768         gamma:{1,192}, beta:{1,192}, mean:{1,192}, var:{1,192}[inception_4a_3x3_conv2]      
relu23 (ActivationLayer)                -,-       0           -                                       [inception_4a_5x5_bn2]        
relu21 (ActivationLayer)                -,-       0           -                                       [inception_4a_3x3_bn2]        
inception_4a (MergeVertex)              -,-       -           -                                       [relu21, relu23, relu25, padding12]
pool8 (SubsamplingLayer)                -,-       0           -                                       [inception_4a]                
inception_4e_3x3_conv1 (ConvolutionLayer)640,160   102560      W:{160,640,1,1}, b:{1,160}              [inception_4a]                
inception_4e_5x5_conv1 (ConvolutionLayer)640,64    41024       W:{64,640,1,1}, b:{1,64}                [inception_4a]                
padding15 (ZeroPaddingLayer)            -,-       0           -                                       [pool8]                       
inception_4e_3x3_bn1 (BatchNormalization)160,160   640         gamma:{1,160}, beta:{1,160}, mean:{1,160}, var:{1,160}[inception_4e_3x3_conv1]      
inception_4e_5x5_bn1 (BatchNormalization)64,64     256         gamma:{1,64}, beta:{1,64}, mean:{1,64}, var:{1,64}[inception_4e_5x5_conv1]      
relu26 (ActivationLayer)                -,-       0           -                                       [inception_4e_3x3_bn1]        
relu28 (ActivationLayer)                -,-       0           -                                       [inception_4e_5x5_bn1]        
padding13 (ZeroPaddingLayer)            -,-       0           -                                       [relu26]                      
padding14 (ZeroPaddingLayer)            -,-       0           -                                       [relu28]                      
inception_4e_3x3_conv2 (ConvolutionLayer)160,256   368896      W:{256,160,3,3}, b:{1,256}              [padding13]                   
inception_4e_5x5_conv2 (ConvolutionLayer)64,128    204928      W:{128,64,5,5}, b:{1,128}               [padding14]                   
inception_4e_3x3_bn2 (BatchNormalization)256,256   1024        gamma:{1,256}, beta:{1,256}, mean:{1,256}, var:{1,256}[inception_4e_3x3_conv2]      
inception_4e_5x5_bn2 (BatchNormalization)128,128   512         gamma:{1,128}, beta:{1,128}, mean:{1,128}, var:{1,128}[inception_4e_5x5_conv2]      
relu27 (ActivationLayer)                -,-       0           -                                       [inception_4e_3x3_bn2]        
relu29 (ActivationLayer)                -,-       0           -                                       [inception_4e_5x5_bn2]        
inception_4e (MergeVertex)              -,-       -           -                                       [relu27, relu29, padding15]   
inception_5a_1x1_conv (ConvolutionLayer)1024,256  262400      W:{256,1024,1,1}, b:{1,256}             [inception_4e]                
inception_5a_3x3_conv1 (ConvolutionLayer)1024,96   98400       W:{96,1024,1,1}, b:{1,96}               [inception_4e]                
avg9 (SubsamplingLayer)                 -,-       0           -                                       [inception_4e]                
inception_5a_1x1_bn (BatchNormalization)256,256   1024        gamma:{1,256}, beta:{1,256}, mean:{1,256}, var:{1,256}[inception_5a_1x1_conv]       
inception_5a_3x3_bn1 (BatchNormalization)96,96     384         gamma:{1,96}, beta:{1,96}, mean:{1,96}, var:{1,96}[inception_5a_3x3_conv1]      
inception_5a_pool_conv (ConvolutionLayer)1024,96   98400       W:{96,1024,1,1}, b:{1,96}               [avg9]                        
relu33 (ActivationLayer)                -,-       0           -                                       [inception_5a_1x1_bn]         
relu30 (ActivationLayer)                -,-       0           -                                       [inception_5a_3x3_bn1]        
inception_5a_pool_bn (BatchNormalization)96,96     384         gamma:{1,96}, beta:{1,96}, mean:{1,96}, var:{1,96}[inception_5a_pool_conv]      
padding16 (ZeroPaddingLayer)            -,-       0           -                                       [relu30]                      
relu32 (ActivationLayer)                -,-       0           -                                       [inception_5a_pool_bn]        
inception_5a_3x3_conv2 (ConvolutionLayer)96,384    332160      W:{384,96,3,3}, b:{1,384}               [padding16]                   
padding17 (ZeroPaddingLayer)            -,-       0           -                                       [relu32]                      
inception_5a_3x3_bn2 (BatchNormalization)384,384   1536        gamma:{1,384}, beta:{1,384}, mean:{1,384}, var:{1,384}[inception_5a_3x3_conv2]      
relu31 (ActivationLayer)                -,-       0           -                                       [inception_5a_3x3_bn2]        
inception_5a (MergeVertex)              -,-       -           -                                       [relu31, padding17, relu33]   
inception_5b_1x1_conv (ConvolutionLayer)736,256   188672      W:{256,736,1,1}, b:{1,256}              [inception_5a]                
inception_5b_3x3_conv1 (ConvolutionLayer)736,96    70752       W:{96,736,1,1}, b:{1,96}                [inception_5a]                
max2 (SubsamplingLayer)                 -,-       0           -                                       [inception_5a]                
inception_5b_1x1_bn (BatchNormalization)256,256   1024        gamma:{1,256}, beta:{1,256}, mean:{1,256}, var:{1,256}[inception_5b_1x1_conv]       
inception_5b_3x3_bn1 (BatchNormalization)96,96     384         gamma:{1,96}, beta:{1,96}, mean:{1,96}, var:{1,96}[inception_5b_3x3_conv1]      
inception_5b_pool_conv (ConvolutionLayer)736,96    70752       W:{96,736,1,1}, b:{1,96}                [max2]                        
relu37 (ActivationLayer)                -,-       0           -                                       [inception_5b_1x1_bn]         
relu34 (ActivationLayer)                -,-       0           -                                       [inception_5b_3x3_bn1]        
inception_5b_pool_bn (BatchNormalization)96,96     384         gamma:{1,96}, beta:{1,96}, mean:{1,96}, var:{1,96}[inception_5b_pool_conv]      
padding18 (ZeroPaddingLayer)            -,-       0           -                                       [relu34]                      
relu36 (ActivationLayer)                -,-       0           -                                       [inception_5b_pool_bn]        
inception_5b_3x3_conv2 (ConvolutionLayer)96,384    332160      W:{384,96,3,3}, b:{1,384}               [padding18]                   
padding19 (ZeroPaddingLayer)            -,-       0           -                                       [relu36]                      
inception_5b_3x3_bn2 (BatchNormalization)384,384   1536        gamma:{1,384}, beta:{1,384}, mean:{1,384}, var:{1,384}[inception_5b_3x3_conv2]      
relu35 (ActivationLayer)                -,-       0           -                                       [inception_5b_3x3_bn2]        
inception_5b (MergeVertex)              -,-       -           -                                       [relu35, padding19, relu37]   
avgpool (SubsamplingLayer)              -,-       0           -                                       [inception_5b]                
dense (DenseLayer)                      736,128   94336       W:{736,128}, b:{1,128}                  [avgpool]                     
encodings (L2NormalizeVertex)           -,-       -           -                                       [dense]                       
----------------------------------------------------------------------------------------------------------------------------------------------------------------------------------------------------------------------------------------------------------
            Total Parameters:  3743280
        Trainable Parameters:  3743280
           Frozen Parameters:  0
==========================================================================================================================================================================================================================================================

[2019-05-14 12:37:11]Loaded [CpuBackend] backend
[2019-05-14 12:37:14]Number of threads used for NativeOps: 4
[2019-05-14 12:37:15]Number of threads used for BLAS: 4
[2019-05-14 12:37:15]Backend used: [CPU]; OS: [Windows 10]
[2019-05-14 12:37:15]Cores: [8]; Memory: [1.9GB];
[2019-05-14 12:37:15]Blas vendor: [OPENBLAS]
[2019-05-14 12:37:15]Starting ComputationGraph with WorkspaceModes set to [training: ENABLED; inference: ENABLED], cacheMode set to [NONE]
[2019-05-14 12:38:33]Loaded [CpuBackend] backend
[2019-05-14 12:38:34]Number of threads used for NativeOps: 4
[2019-05-14 12:38:34]Number of threads used for BLAS: 4
[2019-05-14 12:38:34]Backend used: [CPU]; OS: [Windows 10]
[2019-05-14 12:38:34]Cores: [8]; Memory: [1.9GB];
[2019-05-14 12:38:34]Blas vendor: [OPENBLAS]
[2019-05-14 12:38:34]Starting ComputationGraph with WorkspaceModes set to [training: ENABLED; inference: ENABLED], cacheMode set to [NONE]
[2019-05-14 15:38:49]Loaded [CpuBackend] backend
[2019-05-14 15:38:50]Number of threads used for NativeOps: 4
[2019-05-14 15:38:50]Number of threads used for BLAS: 4
[2019-05-14 15:38:50]Backend used: [CPU]; OS: [Windows 10]
[2019-05-14 15:38:50]Cores: [8]; Memory: [1.9GB];
[2019-05-14 15:38:50]Blas vendor: [OPENBLAS]
[2019-05-14 15:38:50]Starting ComputationGraph with WorkspaceModes set to [training: ENABLED; inference: ENABLED], cacheMode set to [NONE]
[2019-05-14 15:47:46]Loaded [CpuBackend] backend
[2019-05-14 15:47:46]Number of threads used for NativeOps: 4
[2019-05-14 15:47:47]Number of threads used for BLAS: 4
[2019-05-14 15:47:47]Backend used: [CPU]; OS: [Windows 10]
[2019-05-14 15:47:47]Cores: [8]; Memory: [1.9GB];
[2019-05-14 15:47:47]Blas vendor: [OPENBLAS]
[2019-05-14 15:47:47]Starting ComputationGraph with WorkspaceModes set to [training: ENABLED; inference: ENABLED], cacheMode set to [NONE]
[2019-05-14 16:04:26]Loaded [CpuBackend] backend
[2019-05-14 16:04:26]Number of threads used for NativeOps: 4
[2019-05-14 16:04:27]Number of threads used for BLAS: 4
[2019-05-14 16:04:27]Backend used: [CPU]; OS: [Windows 10]
[2019-05-14 16:04:27]Cores: [8]; Memory: [1.9GB];
[2019-05-14 16:04:27]Blas vendor: [OPENBLAS]
[2019-05-14 16:04:27]Starting ComputationGraph with WorkspaceModes set to [training: ENABLED; inference: ENABLED], cacheMode set to [NONE]
[2019-05-22 15:36:31]Loaded [CpuBackend] backend
[2019-05-22 15:36:35]Number of threads used for NativeOps: 4
[2019-05-22 15:36:37]Number of threads used for BLAS: 4
[2019-05-22 15:36:37]Backend used: [CPU]; OS: [Windows 10]
[2019-05-22 15:36:37]Cores: [8]; Memory: [1.9GB];
[2019-05-22 15:36:37]Blas vendor: [OPENBLAS]
[2019-05-22 15:36:38]Starting ComputationGraph with WorkspaceModes set to [training: ENABLED; inference: ENABLED], cacheMode set to [NONE]
[2019-05-22 15:39:03]Loaded [CpuBackend] backend
[2019-05-22 15:39:03]Number of threads used for NativeOps: 4
[2019-05-22 15:39:04]Number of threads used for BLAS: 4
[2019-05-22 15:39:04]Backend used: [CPU]; OS: [Windows 10]
[2019-05-22 15:39:04]Cores: [8]; Memory: [1.9GB];
[2019-05-22 15:39:04]Blas vendor: [OPENBLAS]
[2019-05-22 15:39:04]Starting ComputationGraph with WorkspaceModes set to [training: ENABLED; inference: ENABLED], cacheMode set to [NONE]
[2019-05-22 16:14:04]Loaded [CpuBackend] backend
[2019-05-22 16:14:04]Loaded [CpuBackend] backend
[2019-05-22 16:14:06]Number of threads used for NativeOps: 4
[2019-05-22 16:14:06]Number of threads used for NativeOps: 4
[2019-05-22 16:14:06]Number of threads used for BLAS: 4
[2019-05-22 16:14:06]Number of threads used for BLAS: 4
[2019-05-22 16:14:06]Backend used: [CPU]; OS: [Windows 10]
[2019-05-22 16:14:06]Cores: [8]; Memory: [1.9GB];
[2019-05-22 16:14:06]Blas vendor: [OPENBLAS]
[2019-05-22 16:14:06]Backend used: [CPU]; OS: [Windows 10]
[2019-05-22 16:14:06]Cores: [8]; Memory: [1.9GB];
[2019-05-22 16:14:06]Blas vendor: [OPENBLAS]
[2019-05-22 16:14:06]Starting ComputationGraph with WorkspaceModes set to [training: ENABLED; inference: ENABLED], cacheMode set to [NONE]
[2019-05-22 16:14:06]Starting ComputationGraph with WorkspaceModes set to [training: ENABLED; inference: ENABLED], cacheMode set to [NONE]
[2019-05-22 20:48:47]Loaded [CpuBackend] backend
[2019-05-22 20:48:50]Number of threads used for NativeOps: 4
[2019-05-22 20:48:51]Number of threads used for BLAS: 4
[2019-05-22 20:48:51]Backend used: [CPU]; OS: [Windows 10]
[2019-05-22 20:48:51]Cores: [8]; Memory: [1.9GB];
[2019-05-22 20:48:51]Blas vendor: [OPENBLAS]
[2019-05-22 20:48:51]Starting ComputationGraph with WorkspaceModes set to [training: ENABLED; inference: ENABLED], cacheMode set to [NONE]
